<?xml version="1.0" encoding="UTF-8"?>
<!-- Generated by org.testng.reporters.JUnitXMLReporter -->
<testsuite ignored="0" hostname="Genius" failures="4" tests="7" name="Surefire test" time="0.105" errors="0" timestamp="2023-08-07T21:39:56 EEST">
  <testcase classname="PersonTest" name="teenagerTest" time="0.014">
    <failure type="java.lang.AssertionError" message="expected [false] but found [true]">
      <![CDATA[java.lang.AssertionError: expected [false] but found [true]
at PersonTest.teenagerTest(PersonTest.java:49)
at java.base/java.util.ArrayList.forEach(ArrayList.java:1511)
... Removed 36 stack frames]]>
    </failure>
  </testcase> <!-- teenagerTest -->
  <testcase classname="PersonTest" name="teenagerTest" time="0.001"/>
  <testcase classname="PersonTest" name="teenagerTest" time="0.001">
    <failure type="java.lang.AssertionError" message="expected [false] but found [true]">
      <![CDATA[java.lang.AssertionError: expected [false] but found [true]
at PersonTest.teenagerTest(PersonTest.java:49)
at java.base/java.util.ArrayList.forEach(ArrayList.java:1511)
... Removed 36 stack frames]]>
    </failure>
  </testcase> <!-- teenagerTest -->
  <testcase classname="PersonTest" name="teenagerTest" time="0.001"/>
  <testcase classname="PersonTest" name="teenagerTest" time="0.001">
    <failure type="java.lang.AssertionError" message="expected [true] but found [false]">
      <![CDATA[java.lang.AssertionError: expected [true] but found [false]
at PersonTest.teenagerTest(PersonTest.java:49)
at java.base/java.util.ArrayList.forEach(ArrayList.java:1511)
... Removed 36 stack frames]]>
    </failure>
  </testcase> <!-- teenagerTest -->
  <testcase classname="PersonTest" name="teenagerTest" time="0.0"/>
  <testcase classname="PersonTest" name="teenagerTest" time="0.0">
    <failure type="java.lang.AssertionError" message="expected [false] but found [true]">
      <![CDATA[java.lang.AssertionError: expected [false] but found [true]
at PersonTest.teenagerTest(PersonTest.java:49)
at java.base/java.util.ArrayList.forEach(ArrayList.java:1511)
... Removed 36 stack frames]]>
    </failure>
  </testcase> <!-- teenagerTest -->
</testsuite> <!-- Surefire test -->
